<?xml version="1.0" encoding="UTF-8"?>
<!-- Generated by org.testng.reporters.JUnitReportReporter -->
<testsuite hostname="DESKTOP-12ABEIV" failures="0" tests="1" name="com.saucedemo.TestPack.TC01_VerfiyLoginFunctionality" time="9.396" errors="0" timestamp="2023-03-07T18:19:05 IST" skipped="0">
  <testcase classname="com.saucedemo.TestPack.TC01_VerfiyLoginFunctionality" name="verfiyLoginFunctionality" time="9.396"/>
  <system-out/>
</testsuite> <!-- com.saucedemo.TestPack.TC01_VerfiyLoginFunctionality -->
