<?xml version="1.0" encoding="UTF-8"?>
<!-- Generated by org.testng.reporters.JUnitReportReporter -->
<testsuite hostname="DESKTOP-12ABEIV" failures="0" tests="1" name="com.saucedemo.TestPack.TC02_VerifyLogOutFunctionality" time="7.722" errors="0" timestamp="2023-03-06T20:00:52 IST" skipped="0">
  <testcase classname="com.saucedemo.TestPack.TC02_VerifyLogOutFunctionality" name="verifyLogOutFunctionality" time="7.722"/>
  <system-out/>
</testsuite> <!-- com.saucedemo.TestPack.TC02_VerifyLogOutFunctionality -->
